2024-10-17 12:24:52,338 - INFO - Insertion successful
2024-10-17 12:28:11,603 - INFO - Insertion successful
2024-10-17 13:10:10,900 - INFO - Insertion successful
2024-10-17 14:10:11,330 - INFO - Insertion successful
2024-10-17 15:10:11,353 - INFO - Insertion successful
2024-10-17 16:10:12,380 - INFO - Insertion successful
2024-10-17 17:10:13,324 - INFO - Insertion successful
2024-10-17 18:10:12,552 - INFO - Insertion successful
2024-10-17 19:10:11,408 - INFO - Insertion successful
2024-10-17 20:10:11,640 - INFO - Insertion successful
2024-10-17 21:10:12,219 - INFO - Insertion successful
2024-10-17 22:10:11,618 - INFO - Insertion successful
2024-10-17 23:10:11,372 - INFO - Insertion successful
2024-10-18 00:10:10,841 - INFO - Insertion successful
2024-10-18 01:10:11,278 - INFO - Insertion successful
2024-10-18 02:10:10,906 - INFO - Insertion successful
2024-10-18 03:10:11,534 - INFO - Insertion successful
2024-10-18 04:10:11,509 - INFO - Insertion successful
2024-10-18 05:10:11,616 - INFO - Insertion successful
2024-10-18 06:10:10,722 - INFO - Insertion successful
2024-10-18 07:10:11,253 - INFO - Insertion successful
2024-10-18 08:10:11,368 - INFO - Insertion successful
2024-10-18 09:10:11,908 - INFO - Insertion successful
2024-10-18 10:10:11,957 - INFO - Insertion successful
2024-10-18 11:10:10,806 - INFO - Insertion successful
2024-10-18 12:10:11,764 - INFO - Insertion successful
2024-10-18 13:10:11,403 - INFO - Insertion successful
2024-10-18 14:10:11,436 - INFO - Insertion successful
2024-10-18 15:10:11,797 - INFO - Insertion successful
2024-10-18 16:10:13,004 - INFO - Insertion successful
2024-10-18 17:10:12,810 - INFO - Insertion successful
2024-10-18 18:10:12,659 - INFO - Insertion successful
2024-10-18 19:10:12,638 - INFO - Insertion successful
2024-10-18 20:10:12,049 - INFO - Insertion successful
2024-10-18 21:10:12,067 - INFO - Insertion successful
2024-10-18 22:10:11,750 - INFO - Insertion successful
2024-10-18 23:10:11,255 - INFO - Insertion successful
2024-10-19 00:10:11,558 - INFO - Insertion successful
2024-10-19 01:10:12,645 - INFO - Insertion successful
2024-10-19 02:10:11,208 - INFO - Insertion successful
2024-10-19 03:10:11,010 - INFO - Insertion successful
2024-10-19 04:10:11,378 - INFO - Insertion successful
2024-10-19 05:10:11,740 - INFO - Insertion successful
2024-10-19 06:10:11,272 - INFO - Insertion successful
2024-10-19 07:10:11,077 - INFO - Insertion successful
2024-10-19 08:10:11,401 - INFO - Insertion successful
2024-10-19 09:10:11,308 - INFO - Insertion successful
2024-10-19 10:10:12,326 - INFO - Insertion successful
2024-10-19 11:10:11,582 - INFO - Insertion successful
2024-10-19 12:10:11,951 - INFO - Insertion successful
2024-10-19 13:10:11,639 - INFO - Insertion successful
2024-10-19 14:10:11,231 - INFO - Insertion successful
2024-10-19 15:10:11,381 - INFO - Insertion successful
2024-10-19 16:10:11,525 - INFO - Insertion successful
2024-10-19 17:10:11,657 - INFO - Insertion successful
2024-10-19 18:10:11,590 - INFO - Insertion successful
2024-10-19 19:10:11,805 - INFO - Insertion successful
2024-10-19 20:10:11,672 - INFO - Insertion successful
2024-10-19 21:10:11,971 - INFO - Insertion successful
2024-10-19 22:10:11,765 - INFO - Insertion successful
2024-10-19 23:10:11,155 - INFO - Insertion successful
2024-10-20 00:10:10,792 - INFO - Insertion successful
2024-10-20 01:10:11,237 - INFO - Insertion successful
2024-10-20 02:10:11,803 - INFO - Insertion successful
2024-10-20 03:10:11,487 - INFO - Insertion successful
2024-10-20 04:10:10,828 - INFO - Insertion successful
2024-10-20 05:10:11,219 - INFO - Insertion successful
2024-10-20 06:10:11,535 - INFO - Insertion successful
2024-10-20 07:10:11,080 - INFO - Insertion successful
2024-10-20 08:10:11,485 - INFO - Insertion successful
2024-10-20 09:10:11,100 - INFO - Insertion successful
2024-10-20 10:10:11,531 - INFO - Insertion successful
2024-10-20 11:10:12,034 - INFO - Insertion successful
2024-10-20 12:10:13,193 - INFO - Insertion successful
2024-10-20 13:10:12,761 - INFO - Insertion successful
2024-10-20 14:10:11,633 - INFO - Insertion successful
2024-10-20 15:10:11,427 - INFO - Insertion successful
2024-10-20 16:10:10,881 - INFO - Insertion successful
2024-10-20 17:10:12,173 - INFO - Insertion successful
2024-10-20 18:10:11,496 - INFO - Insertion successful
2024-10-20 19:10:11,201 - INFO - Insertion successful
2024-10-20 20:10:11,370 - INFO - Insertion successful
2024-10-20 21:10:11,587 - INFO - Insertion successful
2024-10-20 22:10:11,102 - INFO - Insertion successful
2024-10-20 23:10:11,396 - INFO - Insertion successful
2024-10-21 00:10:11,596 - INFO - Insertion successful
2024-10-21 01:10:10,894 - INFO - Insertion successful
2024-10-21 02:10:11,182 - INFO - Insertion successful
2024-10-21 03:10:11,705 - INFO - Insertion successful
2024-10-21 04:10:11,095 - INFO - Insertion successful
2024-10-21 05:10:10,893 - INFO - Insertion successful
2024-10-21 06:10:11,273 - INFO - Insertion successful
2024-10-21 07:10:11,928 - INFO - Insertion successful
2024-10-21 08:10:10,812 - INFO - Insertion successful
2024-10-21 09:10:11,524 - INFO - Insertion successful
2024-10-21 10:10:11,068 - INFO - Insertion successful
2024-10-21 11:10:11,143 - INFO - Insertion successful
2024-10-21 12:10:11,528 - INFO - Insertion successful
2024-10-21 13:10:12,196 - INFO - Insertion successful
2024-10-21 14:10:11,536 - INFO - Insertion successful
2024-10-21 15:10:11,051 - INFO - Insertion successful
2024-10-21 16:10:11,649 - INFO - Insertion successful
2024-10-21 17:10:11,535 - INFO - Insertion successful
2024-10-21 18:10:11,340 - INFO - Insertion successful
2024-10-21 19:10:11,338 - INFO - Insertion successful
2024-10-21 20:10:11,289 - INFO - Insertion successful
2024-10-21 21:10:11,503 - INFO - Insertion successful
2024-10-21 22:10:11,970 - INFO - Insertion successful
2024-10-21 23:10:11,641 - INFO - Insertion successful
2024-10-22 00:10:11,036 - INFO - Insertion successful
2024-10-22 01:10:11,275 - INFO - Insertion successful
2024-10-22 02:10:10,799 - INFO - Insertion successful
2024-10-22 03:10:10,876 - INFO - Insertion successful
2024-10-22 04:10:11,285 - INFO - Insertion successful
2024-10-22 05:10:11,393 - INFO - Insertion successful
2024-10-22 06:10:10,832 - INFO - Insertion successful
2024-10-22 07:10:11,334 - INFO - Insertion successful
2024-10-22 08:10:11,738 - INFO - Insertion successful
2024-10-22 09:10:11,629 - INFO - Insertion successful
2024-10-22 10:10:11,172 - INFO - Insertion successful
2024-10-22 11:10:10,781 - INFO - Insertion successful
2024-10-22 12:10:11,516 - INFO - Insertion successful
2024-10-22 13:10:11,786 - INFO - Insertion successful
2024-10-22 14:10:11,157 - INFO - Insertion successful
2024-10-22 15:10:10,797 - INFO - Insertion successful
2024-10-22 16:10:11,345 - INFO - Insertion successful
2024-10-22 17:10:11,434 - INFO - Insertion successful
2024-10-22 18:10:10,911 - INFO - Insertion successful
2024-10-22 19:10:12,213 - INFO - Insertion successful
2024-10-22 20:10:11,888 - INFO - Insertion successful
2024-10-22 21:10:11,619 - INFO - Insertion successful
2024-10-22 22:10:11,831 - INFO - Insertion successful
2024-10-22 23:10:11,620 - INFO - Insertion successful
2024-10-23 00:10:11,224 - INFO - Insertion successful
2024-10-23 01:10:11,658 - INFO - Insertion successful
2024-10-23 02:10:10,912 - INFO - Insertion successful
2024-10-23 03:10:11,714 - INFO - Insertion successful
2024-10-23 04:10:11,036 - INFO - Insertion successful
2024-10-23 05:10:11,244 - INFO - Insertion successful
2024-10-23 06:10:10,848 - INFO - Insertion successful
2024-10-23 07:10:11,113 - INFO - Insertion successful
2024-10-23 08:10:12,030 - INFO - Insertion successful
2024-10-23 09:10:10,772 - INFO - Insertion successful
2024-10-23 10:10:11,686 - INFO - Insertion successful
2024-10-23 11:10:11,160 - INFO - Insertion successful
2024-10-23 12:10:11,411 - INFO - Insertion successful
2024-10-23 13:10:11,320 - INFO - Insertion successful
2024-10-23 14:10:10,947 - INFO - Insertion successful
2024-10-23 15:10:12,000 - INFO - Insertion successful
2024-10-23 16:10:12,335 - INFO - Insertion successful
2024-10-23 17:10:11,762 - INFO - Insertion successful
2024-10-23 18:10:11,950 - INFO - Insertion successful
2024-10-23 19:10:12,628 - INFO - Insertion successful
2024-10-23 20:10:12,140 - INFO - Insertion successful
2024-10-23 21:10:12,081 - INFO - Insertion successful
2024-10-23 22:10:11,487 - INFO - Insertion successful
2024-10-23 23:10:10,898 - INFO - Insertion successful
2024-10-24 00:10:10,907 - INFO - Insertion successful
2024-10-24 01:10:10,894 - INFO - Insertion successful
2024-10-24 02:10:11,156 - INFO - Insertion successful
2024-10-24 03:10:11,020 - INFO - Insertion successful
2024-10-24 04:10:10,982 - INFO - Insertion successful
2024-10-24 05:10:10,993 - INFO - Insertion successful
2024-10-24 06:10:11,173 - INFO - Insertion successful
2024-10-24 07:10:11,674 - INFO - Insertion successful
2024-10-24 08:10:12,042 - INFO - Insertion successful
2024-10-24 09:10:12,423 - INFO - Insertion successful
2024-10-24 10:10:16,119 - INFO - Insertion successful
2024-10-24 11:10:12,921 - INFO - Insertion successful
2024-10-24 12:10:11,646 - INFO - Insertion successful
2024-10-24 13:10:11,653 - INFO - Insertion successful
2024-10-24 14:10:11,876 - INFO - Insertion successful
2024-10-24 15:10:11,209 - INFO - Insertion successful
2024-10-24 16:10:12,273 - INFO - Insertion successful
2024-10-24 17:10:12,043 - INFO - Insertion successful
2024-10-24 18:10:12,276 - INFO - Insertion successful
2024-10-24 20:10:12,193 - INFO - Insertion successful
2024-10-24 21:10:12,328 - INFO - Insertion successful
2024-10-24 22:10:11,331 - INFO - Insertion successful
2024-10-24 23:10:11,083 - INFO - Insertion successful
2024-10-25 00:10:10,592 - INFO - Insertion successful
2024-10-25 01:10:10,558 - INFO - Insertion successful
2024-10-25 02:10:11,197 - INFO - Insertion successful
2024-10-25 03:10:11,648 - INFO - Insertion successful
2024-10-25 04:10:10,766 - INFO - Insertion successful
2024-10-25 05:10:10,674 - INFO - Insertion successful
2024-10-25 06:10:11,383 - INFO - Insertion successful
2024-10-25 07:10:10,642 - INFO - Insertion successful
2024-10-25 08:10:11,184 - INFO - Insertion successful
2024-10-25 09:10:10,860 - INFO - Insertion successful
2024-10-25 10:10:12,393 - INFO - Insertion successful
2024-10-25 11:10:10,948 - INFO - Insertion successful
2024-10-25 12:10:09,994 - INFO - Insertion successful
2024-10-25 13:10:11,322 - INFO - Insertion successful
2024-10-25 14:10:11,712 - INFO - Insertion successful
2024-10-25 15:10:11,194 - INFO - Insertion successful
2024-10-25 16:10:10,729 - INFO - Insertion successful
2024-10-25 17:10:10,729 - INFO - Insertion successful
2024-10-25 18:10:10,775 - INFO - Insertion successful
2024-10-25 19:10:11,570 - INFO - Insertion successful
2024-10-25 20:10:11,995 - INFO - Insertion successful
2024-10-25 21:10:11,355 - INFO - Insertion successful
2024-10-25 22:10:11,894 - INFO - Insertion successful
2024-10-25 23:10:10,796 - INFO - Insertion successful
2024-10-26 00:10:10,920 - INFO - Insertion successful
2024-10-26 01:10:11,133 - INFO - Insertion successful
2024-10-26 02:10:10,794 - INFO - Insertion successful
2024-10-26 03:10:10,485 - INFO - Insertion successful
2024-10-26 04:10:10,426 - INFO - Insertion successful
2024-10-26 05:10:10,563 - INFO - Insertion successful
2024-10-26 06:10:10,412 - INFO - Insertion successful
2024-10-26 07:10:09,725 - INFO - Insertion successful
2024-10-26 08:10:11,673 - INFO - Insertion successful
2024-10-26 09:10:11,744 - INFO - Insertion successful
2024-10-26 10:10:11,582 - INFO - Insertion successful
2024-10-26 11:10:10,926 - INFO - Insertion successful
2024-10-26 12:10:11,259 - INFO - Insertion successful
2024-10-26 13:10:11,433 - INFO - Insertion successful
2024-10-26 14:10:11,311 - INFO - Insertion successful
2024-10-26 15:10:11,092 - INFO - Insertion successful
2024-10-26 16:10:10,718 - INFO - Insertion successful
2024-10-26 17:10:10,846 - INFO - Insertion successful
2024-10-26 18:10:12,361 - INFO - Insertion successful
2024-10-26 19:10:11,300 - INFO - Insertion successful
2024-10-26 20:10:11,191 - INFO - Insertion successful
2024-10-26 21:10:11,810 - INFO - Insertion successful
2024-10-26 22:10:12,493 - INFO - Insertion successful
2024-10-26 23:10:12,077 - INFO - Insertion successful
2024-10-27 00:10:11,385 - INFO - Insertion successful
2024-10-27 01:10:11,196 - INFO - Insertion successful
2024-10-27 02:10:10,775 - INFO - Insertion successful
2024-10-27 02:10:11,114 - ERROR - Insertion failed 
 (psycopg2.errors.UniqueViolation) duplicate key value violates unique constraint "pollution_sensor_data_pkey"
DETAIL:  Key (etl_timestamp, station_id)=(2024-10-27 02:10:05, A97507) already exists.

[SQL: INSERT INTO pollution_sensor_data (etl_timestamp, station_id, api_timestamp, location_address, latitude, longitude, name, pm10, pm25, ui_url, url) VALUES (%(etl_timestamp)s, %(station_id)s, %(api_timestamp)s, %(location_address)s, %(latitude)s, %(longitude)s, %(name)s, %(pm10)s, %(pm25)s, %(ui_url)s, %(url)s)]
[parameters: {'etl_timestamp': datetime.datetime(2024, 10, 27, 2, 10, 5, fold=1), 'station_id': 'A97507', 'api_timestamp': datetime.datetime(2024, 10, 27, 2, 6, 3, fold=1), 'location_address': 'Corso 22 Marzo', 'latitude': 45.462, 'longitude': 9.21, 'name': 'Corso 22 Marzo', 'pm10': 17, 'pm25': 47, 'ui_url': 'https://aqicn.org/station/@A97507/', 'url': 'https://api.waqi.info/feed/A97507/?token=d45fda67589e376593853b0fba950fc6d0dcbb65'}]
(Background on this error at: https://sqlalche.me/e/20/gkpj)
2024-10-27 03:10:11,393 - INFO - Insertion successful
2024-10-27 04:10:10,743 - INFO - Insertion successful
2024-10-27 05:10:11,136 - INFO - Insertion successful
2024-10-27 06:10:11,282 - INFO - Insertion successful
2024-10-27 07:10:10,853 - INFO - Insertion successful
2024-10-27 08:10:10,764 - INFO - Insertion successful
2024-10-27 09:10:11,266 - INFO - Insertion successful
2024-10-27 10:10:10,932 - INFO - Insertion successful
2024-10-27 11:10:10,986 - INFO - Insertion successful
2024-10-27 12:10:11,021 - INFO - Insertion successful
2024-10-27 13:10:11,147 - INFO - Insertion successful
2024-10-27 14:10:11,084 - INFO - Insertion successful
2024-10-27 15:10:11,004 - INFO - Insertion successful
2024-10-27 16:10:11,901 - INFO - Insertion successful
2024-10-27 17:10:10,865 - INFO - Insertion successful
2024-10-27 18:10:12,403 - INFO - Insertion successful
2024-10-27 19:10:11,424 - INFO - Insertion successful
2024-10-27 20:10:12,085 - INFO - Insertion successful
2024-10-27 21:10:11,636 - INFO - Insertion successful
2024-10-27 22:10:11,603 - INFO - Insertion successful
2024-10-27 23:10:11,363 - INFO - Insertion successful
2024-10-28 00:10:11,380 - INFO - Insertion successful
2024-10-28 01:10:11,063 - INFO - Insertion successful
2024-10-28 02:10:11,460 - INFO - Insertion successful
2024-10-28 03:10:11,370 - INFO - Insertion successful
2024-10-28 04:10:10,887 - INFO - Insertion successful
2024-10-28 05:10:11,609 - INFO - Insertion successful
2024-10-28 06:10:10,640 - INFO - Insertion successful
2024-10-28 07:10:11,327 - INFO - Insertion successful
2024-10-28 08:10:11,630 - INFO - Insertion successful
2024-10-28 09:10:11,224 - INFO - Insertion successful
2024-10-28 10:10:11,077 - INFO - Insertion successful
2024-10-28 11:10:11,210 - INFO - Insertion successful
2024-10-28 12:10:11,051 - INFO - Insertion successful
2024-10-28 13:10:10,879 - INFO - Insertion successful
2024-10-28 14:10:10,896 - INFO - Insertion successful
2024-10-28 15:10:11,980 - INFO - Insertion successful
2024-10-28 16:10:12,553 - INFO - Insertion successful
2024-10-28 17:10:11,772 - INFO - Insertion successful
2024-10-28 18:10:11,752 - INFO - Insertion successful
2024-10-28 19:10:12,151 - INFO - Insertion successful
2024-10-28 20:10:12,245 - INFO - Insertion successful
2024-10-28 21:10:11,018 - INFO - Insertion successful
2024-10-28 22:10:11,426 - INFO - Insertion successful
2024-10-28 23:10:11,445 - INFO - Insertion successful
2024-10-29 00:10:11,372 - INFO - Insertion successful
2024-10-29 01:10:10,965 - INFO - Insertion successful
2024-10-29 02:10:11,275 - INFO - Insertion successful
2024-10-29 03:10:11,308 - INFO - Insertion successful
2024-10-29 04:10:11,237 - INFO - Insertion successful
2024-10-29 05:10:10,949 - INFO - Insertion successful
2024-10-29 06:10:11,685 - INFO - Insertion successful
2024-10-29 07:10:11,235 - INFO - Insertion successful
2024-10-29 08:10:10,925 - INFO - Insertion successful
2024-10-29 09:10:11,103 - INFO - Insertion successful
2024-10-29 10:10:11,293 - INFO - Insertion successful
2024-10-29 11:10:11,406 - INFO - Insertion successful
2024-10-29 12:10:11,273 - INFO - Insertion successful
2024-10-29 13:10:11,035 - INFO - Insertion successful
2024-10-29 14:10:10,358 - INFO - Insertion successful
2024-10-29 15:10:11,740 - INFO - Insertion successful
2024-10-29 16:10:13,968 - INFO - Insertion successful
2024-10-29 17:10:11,254 - INFO - Insertion successful
2024-10-29 18:10:10,566 - INFO - Insertion successful
2024-10-29 19:10:13,203 - INFO - Insertion successful
2024-10-29 20:10:12,221 - INFO - Insertion successful
2024-10-29 21:10:11,126 - INFO - Insertion successful
2024-10-29 22:10:10,719 - INFO - Insertion successful
2024-10-29 23:10:11,578 - INFO - Insertion successful
2024-10-30 00:10:10,934 - INFO - Insertion successful
2024-10-30 01:10:10,570 - INFO - Insertion successful
2024-10-30 02:10:11,385 - INFO - Insertion successful
2024-10-30 03:10:11,410 - INFO - Insertion successful
2024-10-30 04:10:11,321 - INFO - Insertion successful
2024-10-30 05:10:10,958 - INFO - Insertion successful
2024-10-30 06:10:11,197 - INFO - Insertion successful
2024-10-30 07:10:11,000 - INFO - Insertion successful
2024-10-30 08:10:10,807 - INFO - Insertion successful
2024-10-30 09:10:12,116 - INFO - Insertion successful
2024-10-30 10:10:10,867 - INFO - Insertion successful
2024-10-30 11:10:11,483 - INFO - Insertion successful
2024-10-30 12:10:11,069 - INFO - Insertion successful
2024-10-30 13:10:12,016 - INFO - Insertion successful
2024-10-30 14:10:11,221 - INFO - Insertion successful
2024-10-30 15:10:11,609 - INFO - Insertion successful
2024-10-30 16:10:11,671 - INFO - Insertion successful
2024-10-30 17:10:11,809 - INFO - Insertion successful
2024-10-30 18:10:12,048 - INFO - Insertion successful
2024-10-30 19:10:12,393 - INFO - Insertion successful
2024-10-30 20:10:10,631 - INFO - Insertion successful
2024-10-30 21:10:11,123 - INFO - Insertion successful
2024-10-30 22:10:11,352 - INFO - Insertion successful
2024-10-30 23:10:10,818 - INFO - Insertion successful
2024-10-31 00:10:11,043 - INFO - Insertion successful
2024-10-31 01:10:11,439 - INFO - Insertion successful
2024-10-31 02:10:10,409 - INFO - Insertion successful
2024-10-31 03:10:10,928 - INFO - Insertion successful
2024-10-31 04:10:11,293 - INFO - Insertion successful
2024-10-31 05:10:10,715 - INFO - Insertion successful
2024-10-31 06:10:11,347 - INFO - Insertion successful
2024-10-31 07:10:10,573 - INFO - Insertion successful
2024-10-31 08:10:10,599 - INFO - Insertion successful
2024-10-31 09:10:11,776 - INFO - Insertion successful
2024-10-31 10:10:11,045 - INFO - Insertion successful
2024-10-31 11:10:11,279 - INFO - Insertion successful
2024-10-31 12:10:11,412 - INFO - Insertion successful
2024-10-31 13:10:10,815 - INFO - Insertion successful
2024-10-31 14:10:11,962 - INFO - Insertion successful
2024-10-31 15:10:11,659 - INFO - Insertion successful
2024-10-31 16:10:11,068 - INFO - Insertion successful
2024-10-31 17:10:11,425 - INFO - Insertion successful
2024-10-31 18:10:10,259 - INFO - Insertion successful
2024-10-31 19:10:11,286 - INFO - Insertion successful
2024-10-31 20:10:11,423 - INFO - Insertion successful
2024-10-31 21:10:10,767 - INFO - Insertion successful
2024-10-31 22:10:11,064 - INFO - Insertion successful
2024-10-31 23:10:11,641 - INFO - Insertion successful
2024-11-01 00:10:11,573 - INFO - Insertion successful
2024-11-01 01:10:10,827 - INFO - Insertion successful
2024-11-01 02:10:11,029 - INFO - Insertion successful
2024-11-01 03:10:11,547 - INFO - Insertion successful
2024-11-01 04:10:11,045 - INFO - Insertion successful
2024-11-01 05:10:11,337 - INFO - Insertion successful
2024-11-01 06:10:11,042 - INFO - Insertion successful
2024-11-01 07:10:11,250 - INFO - Insertion successful
2024-11-01 08:10:11,008 - INFO - Insertion successful
2024-11-01 09:10:10,540 - INFO - Insertion successful
2024-11-01 10:10:11,664 - INFO - Insertion successful
2024-11-01 11:10:11,167 - INFO - Insertion successful
2024-11-01 12:10:11,423 - INFO - Insertion successful
2024-11-01 13:10:11,378 - INFO - Insertion successful
2024-11-01 14:10:11,048 - INFO - Insertion successful
2024-11-01 15:10:11,401 - INFO - Insertion successful
2024-11-01 16:10:11,342 - INFO - Insertion successful
2024-11-01 17:10:11,537 - INFO - Insertion successful
2024-11-01 18:10:11,845 - INFO - Insertion successful
2024-11-01 19:10:11,638 - INFO - Insertion successful
2024-11-01 20:10:12,122 - INFO - Insertion successful
2024-11-01 21:10:11,428 - INFO - Insertion successful
2024-11-01 22:10:11,112 - INFO - Insertion successful
2024-11-01 23:10:11,198 - INFO - Insertion successful
2024-11-02 00:10:11,555 - INFO - Insertion successful
2024-11-02 01:10:11,413 - INFO - Insertion successful
2024-11-02 02:10:10,963 - INFO - Insertion successful
2024-11-02 03:10:11,063 - INFO - Insertion successful
2024-11-02 04:10:11,598 - INFO - Insertion successful
2024-11-02 05:10:10,981 - INFO - Insertion successful
2024-11-02 06:10:11,369 - INFO - Insertion successful
2024-11-02 07:10:11,191 - INFO - Insertion successful
2024-11-02 08:10:11,338 - INFO - Insertion successful
2024-11-02 09:10:11,641 - INFO - Insertion successful
2024-11-02 10:10:11,934 - INFO - Insertion successful
2024-11-02 11:10:11,527 - INFO - Insertion successful
2024-11-02 12:10:11,663 - INFO - Insertion successful
2024-11-02 13:10:11,555 - INFO - Insertion successful
2024-11-02 14:10:11,610 - INFO - Insertion successful
2024-11-02 15:10:11,930 - INFO - Insertion successful
2024-11-02 16:10:12,159 - INFO - Insertion successful
2024-11-02 17:10:12,317 - INFO - Insertion successful
2024-11-02 18:10:11,440 - INFO - Insertion successful
2024-11-02 19:10:11,583 - INFO - Insertion successful
2024-11-02 20:10:12,316 - INFO - Insertion successful
2024-11-02 21:10:11,373 - INFO - Insertion successful
2024-11-02 22:10:11,188 - INFO - Insertion successful
2024-11-02 23:10:11,249 - INFO - Insertion successful
2024-11-03 00:10:11,844 - INFO - Insertion successful
2024-11-03 01:10:11,589 - INFO - Insertion successful
2024-11-03 02:10:11,092 - INFO - Insertion successful
2024-11-03 03:10:11,538 - INFO - Insertion successful
2024-11-03 04:10:11,467 - INFO - Insertion successful
2024-11-03 05:10:11,355 - INFO - Insertion successful
2024-11-03 06:10:11,259 - INFO - Insertion successful
2024-11-03 07:10:11,359 - INFO - Insertion successful
2024-11-03 08:10:11,333 - INFO - Insertion successful
2024-11-03 09:10:11,318 - INFO - Insertion successful
2024-11-03 10:10:10,939 - INFO - Insertion successful
2024-11-03 11:10:11,208 - INFO - Insertion successful
2024-11-03 12:10:11,350 - INFO - Insertion successful
2024-11-03 13:10:11,432 - INFO - Insertion successful
2024-11-03 14:10:11,205 - INFO - Insertion successful
2024-11-03 15:10:11,572 - INFO - Insertion successful
2024-11-03 16:10:11,635 - INFO - Insertion successful
2024-11-03 17:10:12,068 - INFO - Insertion successful
2024-11-03 18:10:11,705 - INFO - Insertion successful
2024-11-03 19:10:12,439 - INFO - Insertion successful
2024-11-03 20:10:11,601 - INFO - Insertion successful
2024-11-03 21:10:11,791 - INFO - Insertion successful
2024-11-03 22:10:10,851 - INFO - Insertion successful
2024-11-03 23:10:11,410 - INFO - Insertion successful
2024-11-04 00:10:11,284 - INFO - Insertion successful
2024-11-04 01:10:11,763 - INFO - Insertion successful
2024-11-04 02:10:11,631 - INFO - Insertion successful
2024-11-04 03:10:11,367 - INFO - Insertion successful
2024-11-04 04:10:11,404 - INFO - Insertion successful
2024-11-04 05:10:10,874 - INFO - Insertion successful
2024-11-04 06:10:11,181 - INFO - Insertion successful
2024-11-04 07:10:11,264 - INFO - Insertion successful
2024-11-04 08:10:11,314 - INFO - Insertion successful
2024-11-04 09:10:11,075 - INFO - Insertion successful
2024-11-04 10:10:11,725 - INFO - Insertion successful
2024-11-04 11:10:11,771 - INFO - Insertion successful
2024-11-04 12:10:11,617 - INFO - Insertion successful
2024-11-04 13:10:11,230 - INFO - Insertion successful
2024-11-04 14:10:11,829 - INFO - Insertion successful
2024-11-04 15:10:11,522 - INFO - Insertion successful
2024-11-04 16:10:11,337 - INFO - Insertion successful
2024-11-04 17:10:11,230 - INFO - Insertion successful
2024-11-04 18:10:11,560 - INFO - Insertion successful
2024-11-04 19:10:11,416 - INFO - Insertion successful
2024-11-04 20:10:11,693 - INFO - Insertion successful
2024-11-04 21:10:11,335 - INFO - Insertion successful
2024-11-04 22:10:11,146 - INFO - Insertion successful
2024-11-04 23:10:11,564 - INFO - Insertion successful
2024-11-05 00:10:11,087 - INFO - Insertion successful
2024-11-05 01:10:11,438 - INFO - Insertion successful
2024-11-05 02:10:10,964 - INFO - Insertion successful
2024-11-05 03:10:11,082 - INFO - Insertion successful
2024-11-05 04:10:11,303 - INFO - Insertion successful
2024-11-05 05:10:11,726 - INFO - Insertion successful
2024-11-05 06:10:11,320 - INFO - Insertion successful
2024-11-05 07:10:11,469 - INFO - Insertion successful
2024-11-05 08:10:11,542 - INFO - Insertion successful
2024-11-05 09:10:11,631 - INFO - Insertion successful
2024-11-05 10:10:11,655 - INFO - Insertion successful
2024-11-05 11:10:11,273 - INFO - Insertion successful
2024-11-05 12:10:11,129 - INFO - Insertion successful
2024-11-05 13:10:10,998 - INFO - Insertion successful
2024-11-05 14:10:11,868 - INFO - Insertion successful
2024-11-05 15:10:11,628 - INFO - Insertion successful
2024-11-05 16:10:12,036 - INFO - Insertion successful
2024-11-05 17:10:11,765 - INFO - Insertion successful
2024-11-05 18:10:11,550 - INFO - Insertion successful
2024-11-05 19:10:11,250 - INFO - Insertion successful
2024-11-05 20:10:11,352 - INFO - Insertion successful
2024-11-05 21:10:11,025 - INFO - Insertion successful
2024-11-05 22:10:11,387 - INFO - Insertion successful
2024-11-05 23:10:11,023 - INFO - Insertion successful
2024-11-06 00:10:11,613 - INFO - Insertion successful
2024-11-06 01:10:11,378 - INFO - Insertion successful
2024-11-06 02:10:11,653 - INFO - Insertion successful
2024-11-06 03:10:11,468 - INFO - Insertion successful
2024-11-06 04:10:11,013 - INFO - Insertion successful
2024-11-06 05:10:11,420 - INFO - Insertion successful
2024-11-06 06:10:11,428 - INFO - Insertion successful
2024-11-06 07:10:11,810 - INFO - Insertion successful
2024-11-06 08:10:11,625 - INFO - Insertion successful
2024-11-06 09:10:11,646 - INFO - Insertion successful
2024-11-06 10:10:10,823 - INFO - Insertion successful
2024-11-06 11:10:11,463 - INFO - Insertion successful
2024-11-06 12:10:11,557 - INFO - Insertion successful
2024-11-06 13:10:11,795 - INFO - Insertion successful
2024-11-06 14:10:11,915 - INFO - Insertion successful
2024-11-06 15:10:11,764 - INFO - Insertion successful
2024-11-06 16:10:13,261 - INFO - Insertion successful
2024-11-06 17:10:12,725 - INFO - Insertion successful
2024-11-06 18:10:12,791 - INFO - Insertion successful
2024-11-06 19:10:12,209 - INFO - Insertion successful
2024-11-06 20:10:12,430 - INFO - Insertion successful
2024-11-06 21:10:11,566 - INFO - Insertion successful
2024-11-06 22:10:11,564 - INFO - Insertion successful
2024-11-06 23:10:11,078 - INFO - Insertion successful
2024-11-07 00:10:10,804 - INFO - Insertion successful
2024-11-07 01:10:11,299 - INFO - Insertion successful
2024-11-07 02:10:11,820 - INFO - Insertion successful
2024-11-07 03:10:11,699 - INFO - Insertion successful
2024-11-07 04:10:11,345 - INFO - Insertion successful
2024-11-07 05:10:10,837 - INFO - Insertion successful
2024-11-07 06:10:11,426 - INFO - Insertion successful
2024-11-07 07:10:11,120 - INFO - Insertion successful
2024-11-07 08:10:11,059 - INFO - Insertion successful
2024-11-07 09:10:10,955 - INFO - Insertion successful
2024-11-07 10:10:11,645 - INFO - Insertion successful
2024-11-07 11:10:11,489 - INFO - Insertion successful
2024-11-07 12:10:11,393 - INFO - Insertion successful
2024-11-07 13:10:10,715 - INFO - Insertion successful
2024-11-07 14:10:11,599 - INFO - Insertion successful
2024-11-07 15:10:12,208 - INFO - Insertion successful
2024-11-07 16:10:14,781 - INFO - Insertion successful
2024-11-07 17:10:13,170 - INFO - Insertion successful
2024-11-07 18:10:11,828 - INFO - Insertion successful
2024-11-07 19:10:11,263 - INFO - Insertion successful
2024-11-07 20:10:11,330 - INFO - Insertion successful
2024-11-07 21:10:10,949 - INFO - Insertion successful
2024-11-07 22:10:11,484 - INFO - Insertion successful
2024-11-07 23:10:11,067 - INFO - Insertion successful
2024-11-08 00:10:11,543 - INFO - Insertion successful
2024-11-08 01:10:10,971 - INFO - Insertion successful
2024-11-08 02:10:11,550 - INFO - Insertion successful
2024-11-08 03:10:11,307 - INFO - Insertion successful
2024-11-08 04:10:11,226 - INFO - Insertion successful
2024-11-08 05:10:11,230 - INFO - Insertion successful
2024-11-08 06:10:11,757 - INFO - Insertion successful
2024-11-08 07:10:11,767 - INFO - Insertion successful
2024-11-08 08:10:11,233 - INFO - Insertion successful
2024-11-08 09:10:11,608 - INFO - Insertion successful
2024-11-08 10:10:11,836 - INFO - Insertion successful
2024-11-08 11:10:11,844 - INFO - Insertion successful
2024-11-08 12:10:11,680 - INFO - Insertion successful
2024-11-08 13:10:11,782 - INFO - Insertion successful
2024-11-08 14:10:11,603 - INFO - Insertion successful
2024-11-08 15:10:11,683 - INFO - Insertion successful
2024-11-08 16:10:11,762 - INFO - Insertion successful
2024-11-08 17:10:12,148 - INFO - Insertion successful
2024-11-08 18:10:11,665 - INFO - Insertion successful
2024-11-08 19:10:12,807 - INFO - Insertion successful
2024-11-08 20:10:12,878 - INFO - Insertion successful
2024-11-08 21:10:11,696 - INFO - Insertion successful
2024-11-08 22:10:11,548 - INFO - Insertion successful
2024-11-08 23:10:11,403 - INFO - Insertion successful
2024-11-09 00:10:11,662 - INFO - Insertion successful
2024-11-09 01:10:11,307 - INFO - Insertion successful
2024-11-09 02:10:11,069 - INFO - Insertion successful
2024-11-09 03:10:11,406 - INFO - Insertion successful
2024-11-09 04:10:11,263 - INFO - Insertion successful
2024-11-09 05:10:11,887 - INFO - Insertion successful
2024-11-09 06:10:11,430 - INFO - Insertion successful
2024-11-09 07:10:11,954 - INFO - Insertion successful
2024-11-09 08:10:11,608 - INFO - Insertion successful
2024-11-09 09:10:11,185 - INFO - Insertion successful
2024-11-09 10:10:11,756 - INFO - Insertion successful
2024-11-09 11:10:12,058 - INFO - Insertion successful
2024-11-09 12:10:11,775 - INFO - Insertion successful
2024-11-09 13:10:12,684 - INFO - Insertion successful
2024-11-09 14:10:11,377 - INFO - Insertion successful
2024-11-09 15:10:11,326 - INFO - Insertion successful
2024-11-09 16:10:12,320 - INFO - Insertion successful
2024-11-09 17:10:12,856 - INFO - Insertion successful
2024-11-09 18:10:11,721 - INFO - Insertion successful
2024-11-09 19:10:11,959 - INFO - Insertion successful
2024-11-09 20:10:11,966 - INFO - Insertion successful
2024-11-09 21:10:12,105 - INFO - Insertion successful
2024-11-09 22:10:11,661 - INFO - Insertion successful
2024-11-09 23:10:11,137 - INFO - Insertion successful
2024-11-10 00:10:10,912 - INFO - Insertion successful
2024-11-10 01:10:11,537 - INFO - Insertion successful
2024-11-10 02:10:11,078 - INFO - Insertion successful
2024-11-10 03:10:10,977 - INFO - Insertion successful
2024-11-10 04:10:11,418 - INFO - Insertion successful
2024-11-10 05:10:10,937 - INFO - Insertion successful
2024-11-10 06:10:11,185 - INFO - Insertion successful
2024-11-10 07:10:11,691 - INFO - Insertion successful
2024-11-10 08:10:11,042 - INFO - Insertion successful
2024-11-10 09:10:11,427 - INFO - Insertion successful
2024-11-10 10:10:11,156 - INFO - Insertion successful
2024-11-10 11:10:11,717 - INFO - Insertion successful
2024-11-10 12:10:11,315 - INFO - Insertion successful
2024-11-10 13:10:11,264 - INFO - Insertion successful
2024-11-10 14:10:10,922 - INFO - Insertion successful
2024-11-10 15:10:12,325 - INFO - Insertion successful
2024-11-10 16:10:12,779 - INFO - Insertion successful
2024-11-10 17:10:13,374 - INFO - Insertion successful
2024-11-10 18:10:14,605 - INFO - Insertion successful
2024-11-10 19:10:12,382 - INFO - Insertion successful
2024-11-10 20:10:11,440 - INFO - Insertion successful
2024-11-10 21:10:10,950 - INFO - Insertion successful
2024-11-10 22:10:11,480 - INFO - Insertion successful
2024-11-10 23:10:10,964 - INFO - Insertion successful
2024-11-11 00:10:11,519 - INFO - Insertion successful
2024-11-11 01:10:11,233 - INFO - Insertion successful
2024-11-11 02:10:11,277 - INFO - Insertion successful
2024-11-11 03:10:11,238 - INFO - Insertion successful
2024-11-11 04:10:11,155 - INFO - Insertion successful
2024-11-11 05:10:11,521 - INFO - Insertion successful
2024-11-11 06:10:11,533 - INFO - Insertion successful
2024-11-11 07:10:11,774 - INFO - Insertion successful
2024-11-11 08:10:11,715 - INFO - Insertion successful
2024-11-11 09:10:11,159 - INFO - Insertion successful
2024-11-11 10:10:11,460 - INFO - Insertion successful
2024-11-11 11:10:11,201 - INFO - Insertion successful
2024-11-11 12:10:11,150 - INFO - Insertion successful
2024-11-11 13:10:11,869 - INFO - Insertion successful
2024-11-11 14:10:11,934 - INFO - Insertion successful
2024-11-11 15:10:12,623 - INFO - Insertion successful
2024-11-11 16:10:11,568 - INFO - Insertion successful
2024-11-11 17:10:11,178 - INFO - Insertion successful
2024-11-11 18:10:11,400 - INFO - Insertion successful
2024-11-11 19:10:11,280 - INFO - Insertion successful
2024-11-11 19:25:17,119 - INFO - Insertion successful
2024-11-11 20:10:11,377 - INFO - Insertion successful
